e:\work\kp2p_check_tool_win32\kp2p_check_tool_win32\debug\kp2p_check_tool_win32.pch
e:\work\kp2p_check_tool_win32\kp2p_check_tool_win32\debug\vc140.pdb
e:\work\kp2p_check_tool_win32\kp2p_check_tool_win32\debug\vc140.idb
e:\work\kp2p_check_tool_win32\kp2p_check_tool_win32\debug\stdafx.obj
e:\work\kp2p_check_tool_win32\kp2p_check_tool_win32\debug\devconfigdlg.obj
e:\work\kp2p_check_tool_win32\kp2p_check_tool_win32\debug\devstatusdlg.obj
e:\work\kp2p_check_tool_win32\kp2p_check_tool_win32\debug\iot_shell.obj
e:\work\kp2p_check_tool_win32\kp2p_check_tool_win32\debug\klivedlg.obj
e:\work\kp2p_check_tool_win32\kp2p_check_tool_win32\debug\kp2penv.obj
e:\work\kp2p_check_tool_win32\kp2p_check_tool_win32\debug\kp2p_check_tool_win32dlg.obj
e:\work\kp2p_check_tool_win32\kp2p_check_tool_win32\debug\managethreadpool.obj
e:\work\kp2p_check_tool_win32\kp2p_check_tool_win32\debug\md5.obj
e:\work\kp2p_check_tool_win32\kp2p_check_tool_win32\debug\util.obj
e:\work\kp2p_check_tool_win32\kp2p_check_tool_win32\debug\kdevsettingdlg.obj
e:\work\kp2p_check_tool_win32\kp2p_check_tool_win32\debug\kp2p_check_tool_win32.obj
e:\work\kp2p_check_tool_win32\kp2p_check_tool_win32\debug\kpingdlg.obj
e:\work\kp2p_check_tool_win32\kp2p_check_tool_win32\debug\kvideodlg.obj
e:\work\kp2p_check_tool_win32\debug\kp2p_check_tool_win32.ilk
e:\work\kp2p_check_tool_win32\debug\kp2p_check_tool_win32.exe
e:\work\kp2p_check_tool_win32\debug\kp2p_check_tool_win32.pdb
e:\work\kp2p_check_tool_win32\kp2p_check_tool_win32\debug\kp2p_check_tool_win32.res
e:\work\kp2p_check_tool_win32\kp2p_check_tool_win32\debug\kp2p_che.c453dcc0.tlog\cl.command.1.tlog
e:\work\kp2p_check_tool_win32\kp2p_check_tool_win32\debug\kp2p_che.c453dcc0.tlog\cl.read.1.tlog
e:\work\kp2p_check_tool_win32\kp2p_check_tool_win32\debug\kp2p_che.c453dcc0.tlog\cl.write.1.tlog
e:\work\kp2p_check_tool_win32\kp2p_check_tool_win32\debug\kp2p_che.c453dcc0.tlog\link.command.1.tlog
e:\work\kp2p_check_tool_win32\kp2p_check_tool_win32\debug\kp2p_che.c453dcc0.tlog\link.read.1.tlog
e:\work\kp2p_check_tool_win32\kp2p_check_tool_win32\debug\kp2p_che.c453dcc0.tlog\link.write.1.tlog
e:\work\kp2p_check_tool_win32\kp2p_check_tool_win32\debug\kp2p_che.c453dcc0.tlog\rc.command.1.tlog
e:\work\kp2p_check_tool_win32\kp2p_check_tool_win32\debug\kp2p_che.c453dcc0.tlog\rc.read.1.tlog
e:\work\kp2p_check_tool_win32\kp2p_check_tool_win32\debug\kp2p_che.c453dcc0.tlog\rc.write.1.tlog
