e:\automatic-interface-detection-tool\kp2p_check_tool_win32\release\kp2p_check_tool_win32.pch
e:\automatic-interface-detection-tool\kp2p_check_tool_win32\release\vc140.pdb
e:\automatic-interface-detection-tool\kp2p_check_tool_win32\release\stdafx.obj
e:\automatic-interface-detection-tool\kp2p_check_tool_win32\release\util.obj
e:\automatic-interface-detection-tool\kp2p_check_tool_win32\release\parsejson.obj
e:\automatic-interface-detection-tool\kp2p_check_tool_win32\release\md5.obj
e:\automatic-interface-detection-tool\kp2p_check_tool_win32\release\managethreadpool.obj
e:\automatic-interface-detection-tool\kp2p_check_tool_win32\release\kvideodlg.obj
e:\automatic-interface-detection-tool\kp2p_check_tool_win32\release\kpingdlg.obj
e:\automatic-interface-detection-tool\kp2p_check_tool_win32\release\kp2penv.obj
e:\automatic-interface-detection-tool\kp2p_check_tool_win32\release\kdevsettingdlg.obj
e:\automatic-interface-detection-tool\kp2p_check_tool_win32\release\iot_shell.obj
e:\automatic-interface-detection-tool\kp2p_check_tool_win32\release\devstatusdlg.obj
e:\automatic-interface-detection-tool\kp2p_check_tool_win32\release\devconfigdlg.obj
e:\automatic-interface-detection-tool\kp2p_check_tool_win32\release\ktestcmddlg.obj
e:\automatic-interface-detection-tool\kp2p_check_tool_win32\release\kquerydevinfodetaildlg.obj
e:\automatic-interface-detection-tool\kp2p_check_tool_win32\release\kp2p_check_tool_win32dlg.obj
e:\automatic-interface-detection-tool\kp2p_check_tool_win32\release\kp2p_check_tool_win32.obj
e:\automatic-interface-detection-tool\kp2p_check_tool_win32\release\klivedlg.obj
e:\automatic-interface-detection-tool\kp2p_check_tool_win32\release\kdevsystimesettingdlg.obj
e:\automatic-interface-detection-tool\kp2p_check_tool_win32\release\kdevstatusinfodetaildlg.obj
e:\automatic-interface-detection-tool\kp2p_check_tool_win32\release\genreportdlg.obj
e:\automatic-interface-detection-tool\kp2p_check_tool_win32\release\devinfodetaildlg.obj
e:\automatic-interface-detection-tool\release\kp2p_check_tool_win32.exe
e:\automatic-interface-detection-tool\release\kp2p_check_tool_win32.ipdb
e:\automatic-interface-detection-tool\release\kp2p_check_tool_win32.iobj
e:\automatic-interface-detection-tool\release\kp2p_check_tool_win32.pdb
e:\automatic-interface-detection-tool\kp2p_check_tool_win32\release\kp2p_check_tool_win32.res
e:\automatic-interface-detection-tool\kp2p_check_tool_win32\release\kp2p_che.c453dcc0.tlog\cl.command.1.tlog
e:\automatic-interface-detection-tool\kp2p_check_tool_win32\release\kp2p_che.c453dcc0.tlog\cl.read.1.tlog
e:\automatic-interface-detection-tool\kp2p_check_tool_win32\release\kp2p_che.c453dcc0.tlog\cl.write.1.tlog
e:\automatic-interface-detection-tool\kp2p_check_tool_win32\release\kp2p_che.c453dcc0.tlog\link.command.1.tlog
e:\automatic-interface-detection-tool\kp2p_check_tool_win32\release\kp2p_che.c453dcc0.tlog\link.read.1.tlog
e:\automatic-interface-detection-tool\kp2p_check_tool_win32\release\kp2p_che.c453dcc0.tlog\link.write.1.tlog
e:\automatic-interface-detection-tool\kp2p_check_tool_win32\release\kp2p_che.c453dcc0.tlog\rc.command.1.tlog
e:\automatic-interface-detection-tool\kp2p_check_tool_win32\release\kp2p_che.c453dcc0.tlog\rc.read.1.tlog
e:\automatic-interface-detection-tool\kp2p_check_tool_win32\release\kp2p_che.c453dcc0.tlog\rc.write.1.tlog
